<?xml version="1.0" encoding="UTF-8"?>
<!-- Generated by org.testng.reporters.JUnitReportReporter -->
<testsuite ignored="0" hostname="Latitude-E6320" failures="0" tests="1" name="org.testing.TestScripts.TC3" time="38.851" errors="0" timestamp="25 Jun 2024 00:10:39 GMT" skipped="0">
  <testcase classname="org.testing.TestScripts.TC3" name="subscriptions" time="38.851"/>
</testsuite> <!-- org.testing.TestScripts.TC3 -->
