<?xml version="1.0" encoding="UTF-8"?>
<!-- Generated by org.testng.reporters.JUnitReportReporter -->
<testsuite ignored="0" hostname="Latitude-E6320" failures="0" tests="1" name="org.testing.TestScripts.TC1" time="42.151" errors="0" timestamp="27 Jun 2024 14:48:01 GMT" skipped="0">
  <testcase classname="org.testing.TestScripts.TC1" name="trending" time="42.151"/>
</testsuite> <!-- org.testing.TestScripts.TC1 -->
