<?xml version="1.0" encoding="UTF-8"?>
<!-- Generated by org.testng.reporters.JUnitReportReporter -->
<testsuite ignored="0" hostname="Latitude-E6320" failures="0" tests="1" name="org.testing.TestScripts.TC4" time="56.519" errors="0" timestamp="25 Jun 2024 00:11:52 GMT" skipped="0">
  <testcase classname="org.testing.TestScripts.TC4" name="playVideoAndLike" time="56.519"/>
</testsuite> <!-- org.testing.TestScripts.TC4 -->
