<?xml version="1.0" encoding="UTF-8"?>
<!-- Generated by org.testng.reporters.JUnitReportReporter -->
<testsuite ignored="0" hostname="Latitude-E6320" failures="0" tests="1" name="org.testing.TestScripts.TC7" time="39.353" errors="0" timestamp="25 Jun 2024 00:15:08 GMT" skipped="0">
  <testcase classname="org.testing.TestScripts.TC7" name="watchLater" time="39.353"/>
</testsuite> <!-- org.testing.TestScripts.TC7 -->
